# JRE version: 7.0_21-b11
# Java VM: Java HotSpot(TM) 64-Bit Server VM (23.21-b01 mixed mode linux-amd64 compressed oops)
Heap
 PSYoungGen      total 24192K, used 12511K [0x00000000ebd60000, 0x00000000ee5c0000, 0x0000000100000000)
  eden space 14336K, 18% used [0x00000000ebd60000,0x00000000ebff96b8,0x00000000ecb60000)
  from space 9856K, 99% used [0x00000000ecbb0000,0x00000000ed54e900,0x00000000ed550000)
  to   space 13504K, 0% used [0x00000000ed890000,0x00000000ed890000,0x00000000ee5c0000)
 ParOldGen       total 41280K, used 15071K [0x00000000c3800000, 0x00000000c6050000, 0x00000000ebd60000)
  object space 41280K, 36% used [0x00000000c3800000,0x00000000c46b7f20,0x00000000c6050000)
 PSPermGen       total 27584K, used 27562K [0x00000000be600000, 0x00000000c00f0000, 0x00000000c3800000)
  object space 27584K, 99% used [0x00000000be600000,0x00000000c00ea9b0,0x00000000c00f0000)
GC Heap History (10 events):
Event: 5.062 GC heap before
{Heap before GC invocations=3 (full 0):
 PSYoungGen      total 18048K, used 17841K [0x00000000ebd60000, 0x00000000ed180000, 0x0000000100000000)
  eden space 15488K, 99% used [0x00000000ebd60000,0x00000000ecc7e690,0x00000000ecc80000)
  from space 2560K, 92% used [0x00000000ecf00000,0x00000000ed14e120,0x00000000ed180000)
  to   space 2560K, 0% used [0x00000000ecc80000,0x00000000ecc80000,0x00000000ecf00000)
 ParOldGen       total 41280K, used 166K [0x00000000c3800000, 0x00000000c6050000, 0x00000000ebd60000)
  object space 41280K, 0% used [0x00000000c3800000,0x00000000c3829860,0x00000000c6050000)
 PSPermGen       total 21248K, used 15286K [0x00000000be600000, 0x00000000bfac0000, 0x00000000c3800000)
  object space 21248K, 71% used [0x00000000be600000,0x00000000bf4ed920,0x00000000bfac0000)
Event: 5.068 GC heap after
Heap after GC invocations=3 (full 0):
 PSYoungGen      total 18048K, used 2551K [0x00000000ebd60000, 0x00000000ed180000, 0x0000000100000000)
  eden space 15488K, 0% used [0x00000000ebd60000,0x00000000ebd60000,0x00000000ecc80000)
  from space 2560K, 99% used [0x00000000ecc80000,0x00000000ecefdf28,0x00000000ecf00000)
  to   space 2560K, 0% used [0x00000000ecf00000,0x00000000ecf00000,0x00000000ed180000)
 ParOldGen       total 41280K, used 1474K [0x00000000c3800000, 0x00000000c6050000, 0x00000000ebd60000)
  object space 41280K, 3% used [0x00000000c3800000,0x00000000c3970ad0,0x00000000c6050000)
 PSPermGen       total 21248K, used 15286K [0x00000000be600000, 0x00000000bfac0000, 0x00000000c3800000)
  object space 21248K, 71% used [0x00000000be600000,0x00000000bf4ed920,0x00000000bfac0000)
}
Event: 7.641 GC heap before
{Heap before GC invocations=4 (full 0):
 PSYoungGen      total 18048K, used 18039K [0x00000000ebd60000, 0x00000000ed180000, 0x0000000100000000)
  eden space 15488K, 100% used [0x00000000ebd60000,0x00000000ecc80000,0x00000000ecc80000)
  from space 2560K, 99% used [0x00000000ecc80000,0x00000000ecefdf28,0x00000000ecf00000)
  to   space 2560K, 0% used [0x00000000ecf00000,0x00000000ecf00000,0x00000000ed180000)
 ParOldGen       total 41280K, used 1474K [0x00000000c3800000, 0x00000000c6050000, 0x00000000ebd60000)
  object space 41280K, 3% used [0x00000000c3800000,0x00000000c3970ad0,0x00000000c6050000)
 PSPermGen       total 21248K, used 21241K [0x00000000be600000, 0x00000000bfac0000, 0x00000000c3800000)
  object space 21248K, 99% used [0x00000000be600000,0x00000000bfabe7a8,0x00000000bfac0000)
Event: 7.654 GC heap after
Heap after GC invocations=4 (full 0):
 PSYoungGen      total 18048K, used 2538K [0x00000000ebd60000, 0x00000000ed180000, 0x0000000100000000)
  eden space 15488K, 0% used [0x00000000ebd60000,0x00000000ebd60000,0x00000000ecc80000)
  from space 2560K, 99% used [0x00000000ecf00000,0x00000000ed17aa80,0x00000000ed180000)
  to   space 2560K, 0% used [0x00000000ecc80000,0x00000000ecc80000,0x00000000ecf00000)
 ParOldGen       total 41280K, used 3416K [0x00000000c3800000, 0x00000000c6050000, 0x00000000ebd60000)
  object space 41280K, 8% used [0x00000000c3800000,0x00000000c3b56060,0x00000000c6050000)
 PSPermGen       total 21248K, used 21241K [0x00000000be600000, 0x00000000bfac0000, 0x00000000c3800000)
  object space 21248K, 99% used [0x00000000be600000,0x00000000bfabe7a8,0x00000000bfac0000)
}
Event: 8.991 GC heap before
{Heap before GC invocations=5 (full 0):
 PSYoungGen      total 18048K, used 18026K [0x00000000ebd60000, 0x00000000ed180000, 0x0000000100000000)
  eden space 15488K, 100% used [0x00000000ebd60000,0x00000000ecc80000,0x00000000ecc80000)
  from space 2560K, 99% used [0x00000000ecf00000,0x00000000ed17aa80,0x00000000ed180000)
  to   space 2560K, 0% used [0x00000000ecc80000,0x00000000ecc80000,0x00000000ecf00000)
 ParOldGen       total 41280K, used 3416K [0x00000000c3800000, 0x00000000c6050000, 0x00000000ebd60000)
  object space 41280K, 8% used [0x00000000c3800000,0x00000000c3b56060,0x00000000c6050000)
 PSPermGen       total 24512K, used 24396K [0x00000000be600000, 0x00000000bfdf0000, 0x00000000c3800000)
  object space 24512K, 99% used [0x00000000be600000,0x00000000bfdd31f0,0x00000000bfdf0000)
Event: 9.002 GC heap after
Heap after GC invocations=5 (full 0):
 PSYoungGen      total 17664K, used 2545K [0x00000000ebd60000, 0x00000000ede80000, 0x0000000100000000)
  eden space 15104K, 0% used [0x00000000ebd60000,0x00000000ebd60000,0x00000000ecc20000)
  from space 2560K, 99% used [0x00000000ecc80000,0x00000000ecefc720,0x00000000ecf00000)
  to   space 9408K, 0% used [0x00000000ed550000,0x00000000ed550000,0x00000000ede80000)
 ParOldGen       total 41280K, used 11149K [0x00000000c3800000, 0x00000000c6050000, 0x00000000ebd60000)
  object space 41280K, 27% used [0x00000000c3800000,0x00000000c42e35f0,0x00000000c6050000)
 PSPermGen       total 24512K, used 24396K [0x00000000be600000, 0x00000000bfdf0000, 0x00000000c3800000)
  object space 24512K, 99% used [0x00000000be600000,0x00000000bfdd31f0,0x00000000bfdf0000)
}
Event: 14.965 GC heap before
{Heap before GC invocations=6 (full 0):
 PSYoungGen      total 17664K, used 17649K [0x00000000ebd60000, 0x00000000ede80000, 0x0000000100000000)
  eden space 15104K, 100% used [0x00000000ebd60000,0x00000000ecc20000,0x00000000ecc20000)
  from space 2560K, 99% used [0x00000000ecc80000,0x00000000ecefc720,0x00000000ecf00000)
  to   space 9408K, 0% used [0x00000000ed550000,0x00000000ed550000,0x00000000ede80000)
 ParOldGen       total 41280K, used 11149K [0x00000000c3800000, 0x00000000c6050000, 0x00000000ebd60000)
  object space 41280K, 27% used [0x00000000c3800000,0x00000000c42e35f0,0x00000000c6050000)
 PSPermGen       total 27392K, used 27247K [0x00000000be600000, 0x00000000c00c0000, 0x00000000c3800000)
  object space 27392K, 99% used [0x00000000be600000,0x00000000c009bec8,0x00000000c00c0000)
Event: 14.976 GC heap after
Heap after GC invocations=6 (full 0):
 PSYoungGen      total 24064K, used 6820K [0x00000000ebd60000, 0x00000000edf10000, 0x0000000100000000)
  eden space 14656K, 0% used [0x00000000ebd60000,0x00000000ebd60000,0x00000000ecbb0000)
  from space 9408K, 72% used [0x00000000ed550000,0x00000000edbf9330,0x00000000ede80000)
  to   space 9856K, 0% used [0x00000000ecbb0000,0x00000000ecbb0000,0x00000000ed550000)
 ParOldGen       total 41280K, used 11157K [0x00000000c3800000, 0x00000000c6050000, 0x00000000ebd60000)
  object space 41280K, 27% used [0x00000000c3800000,0x00000000c42e55f0,0x00000000c6050000)
 PSPermGen       total 27392K, used 27247K [0x00000000be600000, 0x00000000c00c0000, 0x00000000c3800000)
  object space 27392K, 99% used [0x00000000be600000,0x00000000c009bec8,0x00000000c00c0000)
}
Event: 30.715 GC heap before
{Heap before GC invocations=7 (full 0):
 PSYoungGen      total 24064K, used 21216K [0x00000000ebd60000, 0x00000000edf10000, 0x0000000100000000)
  eden space 14656K, 98% used [0x00000000ebd60000,0x00000000ecb6efa8,0x00000000ecbb0000)
  from space 9408K, 72% used [0x00000000ed550000,0x00000000edbf9330,0x00000000ede80000)
  to   space 9856K, 0% used [0x00000000ecbb0000,0x00000000ecbb0000,0x00000000ed550000)
 ParOldGen       total 41280K, used 11157K [0x00000000c3800000, 0x00000000c6050000, 0x00000000ebd60000)
  object space 41280K, 27% used [0x00000000c3800000,0x00000000c42e55f0,0x00000000c6050000)
 PSPermGen       total 27584K, used 27544K [0x00000000be600000, 0x00000000c00f0000, 0x00000000c3800000)
  object space 27584K, 99% used [0x00000000be600000,0x00000000c00e61b0,0x00000000c00f0000)
Event: 30.732 GC heap after
Heap after GC invocations=7 (full 0):
 PSYoungGen      total 24192K, used 9850K [0x00000000ebd60000, 0x00000000ee5c0000, 0x0000000100000000)
  eden space 14336K, 0% used [0x00000000ebd60000,0x00000000ebd60000,0x00000000ecb60000)
  from space 9856K, 99% used [0x00000000ecbb0000,0x00000000ed54e900,0x00000000ed550000)
  to   space 13504K, 0% used [0x00000000ed890000,0x00000000ed890000,0x00000000ee5c0000)
 ParOldGen       total 41280K, used 15071K [0x00000000c3800000, 0x00000000c6050000, 0x00000000ebd60000)
  object space 41280K, 36% used [0x00000000c3800000,0x00000000c46b7f20,0x00000000c6050000)
 PSPermGen       total 27584K, used 27544K [0x00000000be600000, 0x00000000c00f0000, 0x00000000c3800000)
  object space 27584K, 99% used [0x00000000be600000,0x00000000c00e61b0,0x00000000c00f0000)
}

