# JRE version: 7.0_21-b11
# Java VM: Java HotSpot(TM) 64-Bit Server VM (23.21-b01 mixed mode linux-amd64 compressed oops)
Heap
 PSYoungGen      total 24128K, used 15932K [0x00000000ebd60000, 0x00000000ee380000, 0x0000000100000000)
  eden space 14464K, 43% used [0x00000000ebd60000,0x00000000ec3843f0,0x00000000ecb80000)
  from space 9664K, 99% used [0x00000000ecbd0000,0x00000000ed53aef0,0x00000000ed540000)
  to   space 12288K, 0% used [0x00000000ed780000,0x00000000ed780000,0x00000000ee380000)
 ParOldGen       total 41280K, used 12962K [0x00000000c3800000, 0x00000000c6050000, 0x00000000ebd60000)
  object space 41280K, 31% used [0x00000000c3800000,0x00000000c44a89e8,0x00000000c6050000)
 PSPermGen       total 27776K, used 27619K [0x00000000be600000, 0x00000000c0120000, 0x00000000c3800000)
  object space 27776K, 99% used [0x00000000be600000,0x00000000c00f8fe8,0x00000000c0120000)
GC Heap History (10 events):
Event: 7.514 GC heap before
{Heap before GC invocations=3 (full 0):
 PSYoungGen      total 18048K, used 17835K [0x00000000ebd60000, 0x00000000ed180000, 0x0000000100000000)
  eden space 15488K, 99% used [0x00000000ebd60000,0x00000000ecc7cdb0,0x00000000ecc80000)
  from space 2560K, 92% used [0x00000000ecf00000,0x00000000ed14e120,0x00000000ed180000)
  to   space 2560K, 0% used [0x00000000ecc80000,0x00000000ecc80000,0x00000000ecf00000)
 ParOldGen       total 41280K, used 149K [0x00000000c3800000, 0x00000000c6050000, 0x00000000ebd60000)
  object space 41280K, 0% used [0x00000000c3800000,0x00000000c38256b8,0x00000000c6050000)
 PSPermGen       total 21248K, used 15285K [0x00000000be600000, 0x00000000bfac0000, 0x00000000c3800000)
  object space 21248K, 71% used [0x00000000be600000,0x00000000bf4ed7a8,0x00000000bfac0000)
Event: 7.521 GC heap after
Heap after GC invocations=3 (full 0):
 PSYoungGen      total 18048K, used 2535K [0x00000000ebd60000, 0x00000000ed180000, 0x0000000100000000)
  eden space 15488K, 0% used [0x00000000ebd60000,0x00000000ebd60000,0x00000000ecc80000)
  from space 2560K, 99% used [0x00000000ecc80000,0x00000000ecef9f18,0x00000000ecf00000)
  to   space 2560K, 0% used [0x00000000ecf00000,0x00000000ecf00000,0x00000000ed180000)
 ParOldGen       total 41280K, used 1450K [0x00000000c3800000, 0x00000000c6050000, 0x00000000ebd60000)
  object space 41280K, 3% used [0x00000000c3800000,0x00000000c396a808,0x00000000c6050000)
 PSPermGen       total 21248K, used 15285K [0x00000000be600000, 0x00000000bfac0000, 0x00000000c3800000)
  object space 21248K, 71% used [0x00000000be600000,0x00000000bf4ed7a8,0x00000000bfac0000)
}
Event: 10.934 GC heap before
{Heap before GC invocations=4 (full 0):
 PSYoungGen      total 18048K, used 18023K [0x00000000ebd60000, 0x00000000ed180000, 0x0000000100000000)
  eden space 15488K, 100% used [0x00000000ebd60000,0x00000000ecc80000,0x00000000ecc80000)
  from space 2560K, 99% used [0x00000000ecc80000,0x00000000ecef9f18,0x00000000ecf00000)
  to   space 2560K, 0% used [0x00000000ecf00000,0x00000000ecf00000,0x00000000ed180000)
 ParOldGen       total 41280K, used 1450K [0x00000000c3800000, 0x00000000c6050000, 0x00000000ebd60000)
  object space 41280K, 3% used [0x00000000c3800000,0x00000000c396a808,0x00000000c6050000)
 PSPermGen       total 21248K, used 21241K [0x00000000be600000, 0x00000000bfac0000, 0x00000000c3800000)
  object space 21248K, 99% used [0x00000000be600000,0x00000000bfabe788,0x00000000bfac0000)
Event: 10.945 GC heap after
Heap after GC invocations=4 (full 0):
 PSYoungGen      total 18048K, used 2554K [0x00000000ebd60000, 0x00000000ed180000, 0x0000000100000000)
  eden space 15488K, 0% used [0x00000000ebd60000,0x00000000ebd60000,0x00000000ecc80000)
  from space 2560K, 99% used [0x00000000ecf00000,0x00000000ed17ea70,0x00000000ed180000)
  to   space 2560K, 0% used [0x00000000ecc80000,0x00000000ecc80000,0x00000000ecf00000)
 ParOldGen       total 41280K, used 3355K [0x00000000c3800000, 0x00000000c6050000, 0x00000000ebd60000)
  object space 41280K, 8% used [0x00000000c3800000,0x00000000c3b46d48,0x00000000c6050000)
 PSPermGen       total 21248K, used 21241K [0x00000000be600000, 0x00000000bfac0000, 0x00000000c3800000)
  object space 21248K, 99% used [0x00000000be600000,0x00000000bfabe788,0x00000000bfac0000)
}
Event: 13.047 GC heap before
{Heap before GC invocations=5 (full 0):
 PSYoungGen      total 18048K, used 18042K [0x00000000ebd60000, 0x00000000ed180000, 0x0000000100000000)
  eden space 15488K, 100% used [0x00000000ebd60000,0x00000000ecc80000,0x00000000ecc80000)
  from space 2560K, 99% used [0x00000000ecf00000,0x00000000ed17ea70,0x00000000ed180000)
  to   space 2560K, 0% used [0x00000000ecc80000,0x00000000ecc80000,0x00000000ecf00000)
 ParOldGen       total 41280K, used 3355K [0x00000000c3800000, 0x00000000c6050000, 0x00000000ebd60000)
  object space 41280K, 8% used [0x00000000c3800000,0x00000000c3b46d48,0x00000000c6050000)
 PSPermGen       total 24320K, used 24311K [0x00000000be600000, 0x00000000bfdc0000, 0x00000000c3800000)
  object space 24320K, 99% used [0x00000000be600000,0x00000000bfdbde38,0x00000000bfdc0000)
Event: 13.062 GC heap after
Heap after GC invocations=5 (full 0):
 PSYoungGen      total 17664K, used 2545K [0x00000000ebd60000, 0x00000000ede60000, 0x0000000100000000)
  eden space 15104K, 0% used [0x00000000ebd60000,0x00000000ebd60000,0x00000000ecc20000)
  from space 2560K, 99% used [0x00000000ecc80000,0x00000000ecefc720,0x00000000ecf00000)
  to   space 9344K, 0% used [0x00000000ed540000,0x00000000ed540000,0x00000000ede60000)
 ParOldGen       total 41280K, used 11052K [0x00000000c3800000, 0x00000000c6050000, 0x00000000ebd60000)
  object space 41280K, 26% used [0x00000000c3800000,0x00000000c42cb280,0x00000000c6050000)
 PSPermGen       total 24320K, used 24311K [0x00000000be600000, 0x00000000bfdc0000, 0x00000000c3800000)
  object space 24320K, 99% used [0x00000000be600000,0x00000000bfdbde38,0x00000000bfdc0000)
}
Event: 22.556 GC heap before
{Heap before GC invocations=6 (full 0):
 PSYoungGen      total 17664K, used 17649K [0x00000000ebd60000, 0x00000000ede60000, 0x0000000100000000)
  eden space 15104K, 100% used [0x00000000ebd60000,0x00000000ecc20000,0x00000000ecc20000)
  from space 2560K, 99% used [0x00000000ecc80000,0x00000000ecefc720,0x00000000ecf00000)
  to   space 9344K, 0% used [0x00000000ed540000,0x00000000ed540000,0x00000000ede60000)
 ParOldGen       total 41280K, used 11052K [0x00000000c3800000, 0x00000000c6050000, 0x00000000ebd60000)
  object space 41280K, 26% used [0x00000000c3800000,0x00000000c42cb280,0x00000000c6050000)
 PSPermGen       total 26624K, used 26546K [0x00000000be600000, 0x00000000c0000000, 0x00000000c3800000)
  object space 26624K, 99% used [0x00000000be600000,0x00000000bffec9e0,0x00000000c0000000)
Event: 22.570 GC heap after
Heap after GC invocations=6 (full 0):
 PSYoungGen      total 24128K, used 6564K [0x00000000ebd60000, 0x00000000edeb0000, 0x0000000100000000)
  eden space 14784K, 0% used [0x00000000ebd60000,0x00000000ebd60000,0x00000000ecbd0000)
  from space 9344K, 70% used [0x00000000ed540000,0x00000000edba9310,0x00000000ede60000)
  to   space 9664K, 0% used [0x00000000ecbd0000,0x00000000ecbd0000,0x00000000ed540000)
 ParOldGen       total 41280K, used 11060K [0x00000000c3800000, 0x00000000c6050000, 0x00000000ebd60000)
  object space 41280K, 26% used [0x00000000c3800000,0x00000000c42cd280,0x00000000c6050000)
 PSPermGen       total 26624K, used 26546K [0x00000000be600000, 0x00000000c0000000, 0x00000000c3800000)
  object space 26624K, 99% used [0x00000000be600000,0x00000000bffec9e0,0x00000000c0000000)
}
Event: 34.250 GC heap before
{Heap before GC invocations=7 (full 0):
 PSYoungGen      total 24128K, used 20885K [0x00000000ebd60000, 0x00000000edeb0000, 0x0000000100000000)
  eden space 14784K, 96% used [0x00000000ebd60000,0x00000000ecb5c460,0x00000000ecbd0000)
  from space 9344K, 70% used [0x00000000ed540000,0x00000000edba9310,0x00000000ede60000)
  to   space 9664K, 0% used [0x00000000ecbd0000,0x00000000ecbd0000,0x00000000ed540000)
 ParOldGen       total 41280K, used 11060K [0x00000000c3800000, 0x00000000c6050000, 0x00000000ebd60000)
  object space 41280K, 26% used [0x00000000c3800000,0x00000000c42cd280,0x00000000c6050000)
 PSPermGen       total 27584K, used 27560K [0x00000000be600000, 0x00000000c00f0000, 0x00000000c3800000)
  object space 27584K, 99% used [0x00000000be600000,0x00000000c00ea230,0x00000000c00f0000)
Event: 34.266 GC heap after
Heap after GC invocations=7 (full 0):
 PSYoungGen      total 24128K, used 9643K [0x00000000ebd60000, 0x00000000ee380000, 0x0000000100000000)
  eden space 14464K, 0% used [0x00000000ebd60000,0x00000000ebd60000,0x00000000ecb80000)
  from space 9664K, 99% used [0x00000000ecbd0000,0x00000000ed53aef0,0x00000000ed540000)
  to   space 12288K, 0% used [0x00000000ed780000,0x00000000ed780000,0x00000000ee380000)
 ParOldGen       total 41280K, used 12962K [0x00000000c3800000, 0x00000000c6050000, 0x00000000ebd60000)
  object space 41280K, 31% used [0x00000000c3800000,0x00000000c44a89e8,0x00000000c6050000)
 PSPermGen       total 27584K, used 27560K [0x00000000be600000, 0x00000000c00f0000, 0x00000000c3800000)
  object space 27584K, 99% used [0x00000000be600000,0x00000000c00ea230,0x00000000c00f0000)
}

